C51 COMPILER V9.60.7.0   MAIN                                                              05/29/2024 19:08:32 PAGE 1   


C51 COMPILER V9.60.7.0, COMPILATION OF MODULE MAIN
OBJECT MODULE PLACED IN .\Objects\main.obj
COMPILER INVOKED BY: D:\SoftWare\EE\keil_C51\C51\BIN\C51.EXE main.c OPTIMIZE(8,SPEED) BROWSE DEBUG OBJECTEXTEND PRINT(.\
                    -Listings\main.lst) OBJECT(.\Objects\main.obj)

line level    source

   1          #include <REGX52.H>
   2          #include "Delay.h"
   3          
   4          #include "LCD1602.h"
   5          #include "DS18B20.h"
   6          #include "AT24C02.h"
   7          
   8          #include "Key.h"
   9          #include "Nixie.h"
  10          #include "Motor.h"
  11          #include "IR.h"
  12          
  13          #include "Buzzer.h"
  14          
  15          #include "MatrixKey.h"
  16          
  17          //温度显示存储
  18          float T,TShow;
  19          char TLow,THigh;
  20          //红外电机
  21          unsigned char Command,Speed;
  22          //模式控制
  23          unsigned char Mode;
  24          
  25          unsigned char KeyNum;
  26          
  27          void Thermosensation() {
  28   1              //设定的最小温度大于室温则开启风扇
  29   1              if(TShow>= TLow ) {    
  30   2                      if(Speed == 0) {
  31   3                              Speed = 1;
  32   3                      }
  33   2                      // 无级变速逻辑
  34   2                      Motor_SetSpeed(TShow); //改变占空比
  35   2                      //ShowCompare(); //显示占空比
  36   2                              
  37   2              }else{
  38   2                      Speed = 0;
  39   2                      Motor_SetSpeed(0);
  40   2              }
  41   1                      
  42   1              //高于设定温度则会进行报警
  43   1              if(THigh >= TShow) {
  44   2                              
  45   2                      Buzzer_Time(100);
  46   2              }
  47   1      }
  48          
  49          void main()
  50          {
  51   1              //温度模块
  52   1              DS18B20_ConvertT();             //上电先转换一次温度，防止第一次读数据错误
  53   1              Delay(1000);                    //等待转换完成
  54   1              THigh=AT24C02_ReadByte(0);      //读取温度阈值数据
C51 COMPILER V9.60.7.0   MAIN                                                              05/29/2024 19:08:32 PAGE 2   

  55   1              TLow=AT24C02_ReadByte(1);
  56   1              if(THigh>125 || TLow<-55 || THigh<=TLow)
  57   1              {
  58   2                      THigh=20;                       //如果阈值非法，则设为默认值
  59   2                      TLow=15;
  60   2              }
  61   1              Mode = AT24C02_ReadByte(2);     //读取模式设置
  62   1              if(Mode>3 || Mode<=0 )
  63   1              {
  64   2                      Mode = 1;                       //如果阈值非法，则设为默认值
  65   2              }
  66   1              LCD_Init();
  67   1              LCD_ShowString(1,1,"T:");
  68   1              /*LCD_ShowString(2,1,"TH:");
  69   1              LCD_ShowString(2,9,"TL:");
  70   1              LCD_ShowSignedNum(2,4,THigh,3);
  71   1              LCD_ShowSignedNum(2,12,TLow,3);
  72   1              */
  73   1              
  74   1              //红外模块
  75   1              Motor_Init();
  76   1              IR_Init();
  77   1              
  78   1              while(1)
  79   1              {       
  80   2                      //温度模块
  81   2                      /*温度读取及显示*/
  82   2                      DS18B20_ConvertT();     //转换温度
  83   2                      T=DS18B20_ReadT();      //读取温度
  84   2                      if(T<0)                         //如果温度小于0
  85   2                      {
  86   3                              LCD_ShowChar(1,3,'-');  //显示负号
  87   3                              TShow=-T;               //将温度变为正数
  88   3                      }
  89   2                      else                            //如果温度大于等于0
  90   2                      {
  91   3                              LCD_ShowChar(1,3,'+');  //显示正号
  92   3                              TShow=T;
  93   3                      }
  94   2                      LCD_ShowNum(1,4,TShow,2);               //显示温度整数部分
  95   2                      LCD_ShowChar(1,6,'.');          //显示小数点
  96   2                      LCD_ShowNum(1,7,(unsigned long)(TShow*100)%100,2);//显示温度小数部分
  97   2                      //LCD_ShowString(2,13,"S:  "); //电机显示速度
  98   2                      
  99   2                      //设定的最小温度大于室温则开启风扇
 100   2                      
 101   2                      KeyNum = MatrixKey();           //获取按键数
 102   2                      
 103   2                      if(IR_GetDataFlag() || KeyNum /*|| IR_GetRepeatFlag()*/)        //如果收到数据帧//或者收到连发帧 
             -|| 按键
 104   2                      {
 105   3                              
 106   3                              if(KeyNum) {
 107   4                                      LCD_ShowNum(1,10,KeyNum,2);
 108   4                                                      //获取遥控器命令码
 109   4                              }
 110   3                              
 111   3                              
 112   3                              Command=IR_GetCommand();                //获取遥控器命令码
 113   3                              
 114   3                              if(Command == IR_MODE || KeyNum == 1) {    //模式切换
 115   4                                      
C51 COMPILER V9.60.7.0   MAIN                                                              05/29/2024 19:08:32 PAGE 3   

 116   4                                      //自动模式
 117   4                                      if(Mode == 1) {
 118   5                                              LCD_ShowString(1,13,"Auto");
 119   5                                              LCD_ShowString(2,1,"                ");
 120   5                                      }
 121   4                                      //遥控模式
 122   4                                      if(Mode == 2) {
 123   5                                              LCD_ShowString(1,13,"Hand");
 124   5                                              LCD_ShowString(2,1,"                ");
 125   5                                      }
 126   4                                      //自然风模式
 127   4                                      if(Mode == 3) {
 128   5                                              LCD_ShowString(1,13," N W");
 129   5                                              LCD_ShowString(2,1,"                ");
 130   5                                      }
 131   4                                      
 132   4                                      Mode += 1;
 133   4                                      if (Mode > 3 || Mode <= 0) // 循环切换--
 134   4                                      {
 135   5                                              Mode = 1;
 136   5                                              //ModeDelta = -ModeDelta;
 137   5                                      }
 138   4                                      AT24C02_WriteByte(2, Mode);
 139   4                                      Delay(5);
 140   4                                      //LCD_ShowString(1,13,"auto");
 141   4                              
 142   4                              }
 143   3                              
 144   3                              /*阈值判断及显示*/
 145   3                              if(Command==IR_NEXT || KeyNum == 2)     //K2按键，THigh自增
 146   3                              {
 147   4                                      THigh++;
 148   4                                      if(THigh>125){THigh=125;}
 149   4                              }
 150   3                              if(Command==IR_PREVIOUS || KeyNum == 3) //K3按键，THigh自减
 151   3                              {
 152   4                                      THigh--;
 153   4                                      //if(THigh<=TLow){THigh++;}
 154   4                              }
 155   3                              if(Command==IR_VOL_ADD || KeyNum == 4)  //K4按键，TLow自增
 156   3                              {
 157   4                                      TLow++;
 158   4                                      //if(TLow>=THigh){TLow--;}
 159   4                              }
 160   3                              if(Command==IR_VOL_MINUS || KeyNum == 5)        //K5按键，TLow自减
 161   3                              {
 162   4                                      TLow--;
 163   4                                      if(TLow<-55){TLow=-55;}
 164   4                              }
 165   3                              LCD_ShowSignedNum(2,4,THigh,3); //显示阈值数据
 166   3                              LCD_ShowSignedNum(2,12,TLow,3);
 167   3                              AT24C02_WriteByte(0,THigh);             //写入到At24C02中保存
 168   3                              Delay(5);
 169   3                              AT24C02_WriteByte(1,TLow);
 170   3                              Delay(5);
 171   3                              
 172   3                              if(Command==IR_0 || Command==IR_POWER || KeyNum == 6){Speed=0;}         //根据遥控器命令码设置速度
 173   3                              if(Command==IR_1 || KeyNum == 7){Speed=1;}
 174   3                              if(Command==IR_2 || KeyNum == 8){Speed=2;}
 175   3                              if(Command==IR_3 || KeyNum == 9){Speed=3;}
 176   3                              
 177   3                              if(Speed==0){Motor_SetSpeed(0);}        //速度输出
C51 COMPILER V9.60.7.0   MAIN                                                              05/29/2024 19:08:32 PAGE 4   

 178   3                              if(Speed==1){Motor_SetSpeed(25);}
 179   3                              if(Speed==2){Motor_SetSpeed(75);}
 180   3                              if(Speed==3){Motor_SetSpeed(100);}
 181   3                      }
 182   2                      
 183   2                      switch (Mode){
 184   3                              case 1:
 185   3                                      LCD_ShowString(1, 13, "Auto");
 186   3                                      LCD_ShowString(2, 1, "TH:");
 187   3                                      LCD_ShowString(2, 9, "TL:");
 188   3                                      LCD_ShowSignedNum(2, 4, THigh, 3);
 189   3                                      LCD_ShowSignedNum(2, 12, TLow, 3);
 190   3                                      Thermosensation();
 191   3                                      break;
 192   3                              
 193   3                              case 2:
 194   3                                      
 195   3                                      LCD_ShowString(1, 13, "Hand");
 196   3                                      LCD_ShowString(2,11,"     ");
 197   3                                      LCD_ShowString(2, 1, "Gear:");
 198   3                                      LCD_ShowSignedNum(2, 6, Speed, 1);
 199   3                                      break;
 200   3                              case 3:
 201   3                                      LCD_ShowString(2,11,"     ");
 202   3                                      LCD_ShowString(1,13," N W");
 203   3                                      MotorAddSpeed();
 204   3                                      MotorReduceSpeed();
 205   3                                      break;
 206   3                      }
 207   2                      
 208   2                      //LCD_ShowNum(1,15,Speed, 2); //LCD1602显示当前速度
 209   2                      //Nixie(1,Speed);                                               //数码管显示速度*/
 210   2              }
 211   1      }
 212          


MODULE INFORMATION:   STATIC OVERLAYABLE
   CODE SIZE        =    959    ----
   CONSTANT SIZE    =     55    ----
   XDATA SIZE       =   ----    ----
   PDATA SIZE       =   ----    ----
   DATA SIZE        =     14    ----
   IDATA SIZE       =   ----    ----
   BIT SIZE         =   ----    ----
END OF MODULE INFORMATION.


C51 COMPILATION COMPLETE.  0 WARNING(S),  0 ERROR(S)
