C51 COMPILER V9.60.7.0   MATRIXKEY                                                         05/15/2024 15:16:50 PAGE 1   


C51 COMPILER V9.60.7.0, COMPILATION OF MODULE MATRIXKEY
OBJECT MODULE PLACED IN .\Objects\MatrixKey.obj
COMPILER INVOKED BY: D:\SoftWare\EE\keil_C51\C51\BIN\C51.EXE MatrixKey.c OPTIMIZE(8,SPEED) BROWSE DEBUG OBJECTEXTEND PRI
                    -NT(.\Listings\MatrixKey.lst) OBJECT(.\Objects\MatrixKey.obj)

line level    source

   1          #include <REGX52.H>
   2          #include "Delay.h"
   3          
   4          unsigned char MatrixKey_KeyNumber;
   5          
   6          /**
   7            * @brief  è·å–æŒ‰é”®é”®ç 
   8            * @param  æ— 
   9            * @retval æŒ‰ä¸‹æŒ‰é”®çš„é”®ç ï¼ŒèŒƒå›´ï¼š0,1~16,0è¡¨ç¤ºæ— æŒ‰é”®æŒ‰ä¸‹
  10            */
  11          unsigned char MatrixKey(void)
  12          {
  13   1              unsigned char Temp=0;
  14   1              Temp=MatrixKey_KeyNumber;
  15   1              MatrixKey_KeyNumber=0;
  16   1              return Temp;
  17   1      }
  18          
  19          /**
  20            * @brief  çŸ©é˜µé”®ç›˜è¯»å–æŒ‰é”®é”®ç 
  21            * @param  æ— 
  22            * @retval KeyNumber æŒ‰ä¸‹æŒ‰é”®çš„é”®ç å€¼
  23                                  å¦‚æœæŒ‰é”®æŒ‰ä¸‹ä¸æ”¾ï¼Œç¨‹åºä¼šåœç•™åœ¨æ­¤å‡½æ•°ï¼Œæ¾æ‰‹çš„ä¸€ç¬é—´ï¼Œè¿”å›æŒ‰é”®é”®ç ï¼Œæ²¡æ
             -œ‰æŒ‰é”®æŒ‰ä¸‹æ—¶ï¼Œè¿”å›0
  24            */
  25          unsigned char MatrixKey_GetState()
  26          {
  27   1              unsigned char KeyNumber=0;
  28   1              
  29   1              P1=0xFF;
  30   1              P1_3=0;
  31   1              if(P1_7==0){Delay(20);while(P1_7==0);Delay(20);KeyNumber=1;}
  32   1              if(P1_6==0){Delay(20);while(P1_6==0);Delay(20);KeyNumber=5;}
  33   1              if(P1_5==0){Delay(20);while(P1_5==0);Delay(20);KeyNumber=9;}
  34   1              if(P1_4==0){Delay(20);while(P1_4==0);Delay(20);KeyNumber=13;}
  35   1              
  36   1              P1=0xFF;
  37   1              P1_2=0;
  38   1              if(P1_7==0){Delay(20);while(P1_7==0);Delay(20);KeyNumber=2;}
  39   1              if(P1_6==0){Delay(20);while(P1_6==0);Delay(20);KeyNumber=6;}
  40   1              if(P1_5==0){Delay(20);while(P1_5==0);Delay(20);KeyNumber=10;}
  41   1              if(P1_4==0){Delay(20);while(P1_4==0);Delay(20);KeyNumber=14;}
  42   1              
  43   1              P1=0xFF;
  44   1              P1_1=0;
  45   1              if(P1_7==0){Delay(20);while(P1_7==0);Delay(20);KeyNumber=3;}
  46   1              if(P1_6==0){Delay(20);while(P1_6==0);Delay(20);KeyNumber=7;}
  47   1              if(P1_5==0){Delay(20);while(P1_5==0);Delay(20);KeyNumber=11;}
  48   1              if(P1_4==0){Delay(20);while(P1_4==0);Delay(20);KeyNumber=15;}
  49   1              
  50   1              P1=0xFF;
  51   1              P1_0=0;
  52   1              if(P1_7==0){Delay(20);while(P1_7==0);Delay(20);KeyNumber=4;}
  53   1              if(P1_6==0){Delay(20);while(P1_6==0);Delay(20);KeyNumber=8;}
C51 COMPILER V9.60.7.0   MATRIXKEY                                                         05/15/2024 15:16:50 PAGE 2   

  54   1              if(P1_5==0){Delay(20);while(P1_5==0);Delay(20);KeyNumber=12;}
  55   1              if(P1_4==0){Delay(20);while(P1_4==0);Delay(20);KeyNumber=16;}
  56   1              
  57   1              return KeyNumber;
  58   1      }
  59          
  60          /**
  61            * @brief  æŒ‰é”®é©±åŠ¨å‡½æ•°ï¼Œåœ¨ä¸­æ–­ä¸­è°ƒç”¨
  62            * @param  æ— 
  63            * @retval æ— 
  64            */
  65          void MatrixKey_Loop(void)
  66          {
  67   1              static unsigned char NowState,LastState;
  68   1              LastState=NowState;                             //æŒ‰é”®çŠ¶æ€æ›´æ–°
  69   1              NowState=MatrixKey_GetState();          //è·å–å½“å‰æŒ‰é”®çŠ¶æ€
  70   1              //å¦‚æœä¸Šä¸ªæ—¶é—´ç‚¹æŒ‰é”®æŒ‰ä¸‹ï¼Œè¿™ä¸ªæ—¶é—´ç‚¹æœªæŒ‰ä¸‹ï¼Œåˆ™æ˜¯æ¾æ‰‹ç¬é—´ï¼Œä»¥æ­¤é¿å…æ¶ˆæŠ–å
             -’Œæ¾æ‰‹æ£€æµ‹
  71   1              if(LastState==1 && NowState==0)
  72   1              {
  73   2                      MatrixKey_KeyNumber=1;
  74   2              }
  75   1              if(LastState==2 && NowState==0)
  76   1              {
  77   2                      MatrixKey_KeyNumber=2;
  78   2              }
  79   1              if(LastState==3 && NowState==0)
  80   1              {
  81   2                      MatrixKey_KeyNumber=3;
  82   2              }
  83   1              if(LastState==4 && NowState==0)
  84   1              {
  85   2                      MatrixKey_KeyNumber=4;
  86   2              }
  87   1              if(LastState==5 && NowState==0)
  88   1              {
  89   2                      MatrixKey_KeyNumber=5;
  90   2              }
  91   1              if(LastState==6 && NowState==0)
  92   1              {
  93   2                      MatrixKey_KeyNumber=6;
  94   2              }
  95   1              if(LastState==7 && NowState==0)
  96   1              {
  97   2                      MatrixKey_KeyNumber=7;
  98   2              }
  99   1              if(LastState==8 && NowState==0)
 100   1              {
 101   2                      MatrixKey_KeyNumber=8;
 102   2              }
 103   1              if(LastState==9 && NowState==0)
 104   1              {
 105   2                      MatrixKey_KeyNumber=9;
 106   2              }
 107   1              if(LastState==10 && NowState==0)
 108   1              {
 109   2                      MatrixKey_KeyNumber=10;
 110   2              }
 111   1              if(LastState==11 && NowState==0)
 112   1              {
 113   2                      MatrixKey_KeyNumber=11;
 114   2              }
C51 COMPILER V9.60.7.0   MATRIXKEY                                                         05/15/2024 15:16:50 PAGE 3   

 115   1              if(LastState==12 && NowState==0)
 116   1              {
 117   2                      MatrixKey_KeyNumber=12;
 118   2              }
 119   1              if(LastState==13 && NowState==0)
 120   1              {
 121   2                      MatrixKey_KeyNumber=13;
 122   2              }
 123   1              if(LastState==14 && NowState==0)
 124   1              {
 125   2                      MatrixKey_KeyNumber=14;
 126   2              }
 127   1              if(LastState==15 && NowState==0)
 128   1              {
 129   2                      MatrixKey_KeyNumber=15;
 130   2              }
 131   1              if(LastState==16 && NowState==0)
 132   1              {
 133   2                      MatrixKey_KeyNumber=16;
 134   2              }
 135   1      }


MODULE INFORMATION:   STATIC OVERLAYABLE
   CODE SIZE        =    600    ----
   CONSTANT SIZE    =   ----    ----
   XDATA SIZE       =   ----    ----
   PDATA SIZE       =   ----    ----
   DATA SIZE        =      3       1
   IDATA SIZE       =   ----    ----
   BIT SIZE         =   ----    ----
END OF MODULE INFORMATION.


C51 COMPILATION COMPLETE.  0 WARNING(S),  0 ERROR(S)
