C51 COMPILER V9.60.7.0   MOTOR                                                             05/29/2024 19:22:05 PAGE 1   


C51 COMPILER V9.60.7.0, COMPILATION OF MODULE MOTOR
OBJECT MODULE PLACED IN .\Objects\Motor.obj
COMPILER INVOKED BY: D:\SoftWare\EE\keil_C51\C51\BIN\C51.EXE Motor.c OPTIMIZE(8,SPEED) BROWSE DEBUG OBJECTEXTEND PRINT(.
                    -\Listings\Motor.lst) OBJECT(.\Objects\Motor.obj)

line level    source

   1          #include <REGX52.H>
   2          #include "Timer1.h"
   3          #include "Delay.h"
   4          #include "LCD1602.h"
   5          #include "MatrixKey.h"
   6          
   7          //引脚定义,电机控制端口
   8          sbit Motor=P1^0;
   9          
  10          unsigned char Counter,Compare;
  11          unsigned char SpeedDelta = 1; // 速度变化量，每次增加或减少的速度值
  12          
  13          /**
  14            * @brief  电机初始化
  15            * @param  无
  16            * @retval 无
  17            */
  18          void Motor_Init(void)
  19          {
  20   1              Timer1_Init(); // 定时器初始化函数，配置定时器以生成PWM信号
  21   1      }
  22          
  23          /**
  24            * @brief  电机设置速度
  25            * @param  Speed 要设置的速度，范围0~100
  26            * @retval 无
  27            */
  28          void Motor_SetSpeed(unsigned char Speed)
  29          {
  30   1              Compare=Speed;
  31   1      }
  32          
  33          //定时器1中断函数
  34          void Timer1_Routine() interrupt 3
  35          {
  36   1              static unsigned int T1Count;
  37   1              
  38   1              TL1 = 0x9C;             //设置定时初值
  39   1              TH1 = 0xFF;             //设置定时初值 65436
  40   1              Counter++;              // 每次中断计数器加1
  41   1              Counter%=100;   //计数值变化范围限制在0~99
  42   1              if(Counter<Compare)     //计数值小于比较值,Compare是PWM占空比的值
  43   1              {
  44   2                      Motor=1;                //输出1
  45   2              }
  46   1              else                            //计数值大于比较值
  47   1              {
  48   2                      Motor=0;                //输出0
  49   2              }
  50   1              
  51   1              /*
  52   1              // 无级变速逻辑
  53   1          //Compare += SpeedDelta; // 改变占空比
  54   1          if (Compare >= 100 || Compare <= 0) // 如果达到速度极限，改变增加方向
C51 COMPILER V9.60.7.0   MOTOR                                                             05/29/2024 19:22:05 PAGE 2   

  55   1          {
  56   1              //SpeedDelta = -SpeedDelta;
  57   1                      Compare = 30;
  58   1          }
  59   1              */
  60   1              
  61   1              //按键扫描
  62   1              T1Count++;
  63   1              if(T1Count>=200)
  64   1              {
  65   2                      T1Count=0;
  66   2                      MatrixKey_Loop();       //20ms调用一次矩阵按键驱动函数
  67   2              }
  68   1      }
  69          
  70          void ShowCompare() {
  71   1              LCD_ShowNum(1,10,Compare, 2);
  72   1      }
  73          
  74          void MotorAddSpeed() {
  75   1              // 将占空比从0%逐渐增加到100%
  76   1              unsigned char currentSpeed;
  77   1              LCD_ShowString(2,1,"Speed:");
  78   1          for (currentSpeed = 0; currentSpeed < 100; currentSpeed++) {
  79   2                      Compare=currentSpeed;
  80   2                      // 在这里添加延时，以改变占空比变化的速率
  81   2                      LCD_ShowNum(2,7,Compare, 2);
  82   2              Delay(10); // 延时函数
  83   2          }
  84   1      }
  85          
  86          void MotorReduceSpeed() {
  87   1              // 从100%逐渐减少到0%
  88   1              unsigned char currentSpeed;
  89   1              LCD_ShowString(2,1,"Speed:");
  90   1          for (currentSpeed = 99; currentSpeed > 0; currentSpeed--) {
  91   2                      Compare=currentSpeed;
  92   2                      LCD_ShowNum(2,7,Compare, 2);
  93   2                      Delay(10); // 延时函数
  94   2          }
  95   1      }
  96          
  97          /*放到定时器中断里
  98          void MotorNaturalWind(unsigned char currentSpeed) {
  99                  Compare = currentSpeed;
 100                          Compare += SpeedDelta; // 改变占空比
 101                          if (Compare >= 99 || Compare <= 0) // 如果达到速度极限，改变增加方向
 102                          {
 103                                  SpeedDelta = -SpeedDelta;
 104                          }
 105          }
 106          */


MODULE INFORMATION:   STATIC OVERLAYABLE
   CODE SIZE        =    235    ----
   CONSTANT SIZE    =      7    ----
   XDATA SIZE       =   ----    ----
   PDATA SIZE       =   ----    ----
   DATA SIZE        =      5       2
   IDATA SIZE       =   ----    ----
   BIT SIZE         =   ----    ----
C51 COMPILER V9.60.7.0   MOTOR                                                             05/29/2024 19:22:05 PAGE 3   

END OF MODULE INFORMATION.


C51 COMPILATION COMPLETE.  0 WARNING(S),  0 ERROR(S)
