C51 COMPILER V9.60.7.0   SENSOR                                                            05/15/2024 14:04:14 PAGE 1   


C51 COMPILER V9.60.7.0, COMPILATION OF MODULE SENSOR
OBJECT MODULE PLACED IN .\Objects\Sensor.obj
COMPILER INVOKED BY: D:\SoftWare\EE\keil_C51\C51\BIN\C51.EXE Sensor.c OPTIMIZE(8,SPEED) BROWSE DEBUG OBJECTEXTEND PRINT(
                    -.\Listings\Sensor.lst) OBJECT(.\Objects\Sensor.obj)

line level    source

   1          #include <REGX52.H>
   2          #include "Timer1.h"
   3          #include "Delay.h"
   4          #include "LCD1602.h"
   5          
   6          void Thermosensation() {
   7   1              //设定的最小温度大于室温则开启风扇
   8   1              if(TShow>= TLow ) {    
*** ERROR C202 IN LINE 8 OF Sensor.c: 'TShow': undefined identifier
   9   2                      if(Speed == 0) {
*** ERROR C202 IN LINE 9 OF Sensor.c: 'Speed': undefined identifier
  10   3                              Speed = 1;
*** ERROR C202 IN LINE 10 OF Sensor.c: 'Speed': undefined identifier
  11   3                              Motor_SetSpeed(TShow);
*** ERROR C202 IN LINE 11 OF Sensor.c: 'TShow': undefined identifier
  12   3                      }
  13   2                              
  14   2              }else{
  15   2                      Speed = 0;
*** ERROR C202 IN LINE 15 OF Sensor.c: 'Speed': undefined identifier
  16   2                      Motor_SetSpeed(0);
  17   2              }
  18   1                      
  19   1              //高于设定温度则会进行报警
  20   1              if(THigh >= TShow) {
  21   2                              
  22   2                      Buzzer_Time(100);
  23   2              }
  24   1      }
  25          
  26          

C51 COMPILATION COMPLETE.  0 WARNING(S),  5 ERROR(S)
